reset 0.918856
pwr_ctrl[2] 1.23718
pwr_ctrl[1] 0.928726
pwr_ctrl[0] 0.91242
shutdown 0.921803
isolate 1.11046
cmd[7] 0.902609
cmd[6] 0.89751
cmd[5] 1.0252
cmd[4] 0.916157
cmd[3] 0.952908
cmd[2] 0.931993
cmd[1] 0.852597
cmd[0] 0.82701
op1[255] 0.793449
op1[254] 0.858231
op1[253] 0.922246
op1[252] 0.932884
op1[251] 0.919569
op1[250] 0.858231
op1[249] 0.917811
op1[248] 0.900857
op1[247] 0.915851
op1[246] 0.909316
op1[245] 0.909895
op1[244] 0.907834
op1[243] 0.902275
op1[242] 0.842414
op1[241] 0.868239
op1[240] 1.0233
op1[239] 0.87689
op1[238] 0.936011
op1[237] 0.835065
op1[236] 0.892283
op1[235] 0.856383
op1[234] 0.909316
op1[233] 0.842208
op1[232] 0.82701
op1[231] 0.865839
op1[230] 0.842414
op1[229] 1.04935
op1[228] 0.869822
op1[227] 0.836455
op1[226] 0.858231
op1[225] 0.852597
op1[224] 0.850726
op1[223] 0.907598
op1[222] 0.88175
op1[221] 0.93798
op1[220] 0.934135
op1[219] 0.958981
op1[218] 0.931873
op1[217] 1.08948
op1[216] 0.953396
op1[215] 0.945122
op1[214] 0.952963
op1[213] 1.09687
op1[212] 0.947823
op1[211] 0.955617
op1[210] 0.945645
op1[209] 0.946701
op1[208] 0.952563
op1[207] 0.951109
op1[206] 1.12034
op1[205] 0.961582
op1[204] 0.950752
op1[203] 0.954982
op1[202] 0.938163
op1[201] 0.951785
op1[200] 0.936636
op1[199] 0.827512
op1[198] 0.869822
op1[197] 0.858231
op1[196] 0.849882
op1[195] 0.806916
op1[194] 0.849882
op1[193] 0.852597
op1[192] 0.858231
op1[191] 0.817363
op1[190] 0.848858
op1[189] 0.844373
op1[188] 1.0245
op1[187] 0.836455
op1[186] 0.835065
op1[185] 0.836455
op1[184] 0.82701
op1[183] 0.88175
op1[182] 0.844373
op1[181] 0.825325
op1[180] 0.836455
op1[179] 0.836455
op1[178] 0.836455
op1[177] 0.844373
op1[176] 0.838204
op1[175] 0.866881
op1[174] 0.786885
op1[173] 0.835065
op1[172] 0.816343
op1[171] 0.836455
op1[170] 0.816343
op1[169] 0.842414
op1[168] 0.806555
op1[167] 0.807555
op1[166] 0.784972
op1[165] 0.816343
op1[164] 0.793449
op1[163] 0.816343
op1[162] 1.28116
op1[161] 0.784173
op1[160] 0.768881
op1[159] 0.806555
op1[158] 0.816343
op1[157] 0.768881
op1[156] 0.794498
op1[155] 0.793449
op1[154] 0.861216
op1[153] 0.768881
op1[152] 0.791767
op1[151] 0.876898
op1[150] 0.876898
op1[149] 0.806555
op1[148] 0.836701
op1[147] 0.806555
op1[146] 0.793449
op1[145] 1.58738
op1[144] 0.862256
op1[143] 0.856383
op1[142] 0.855299
op1[141] 0.858231
op1[140] 0.861216
op1[139] 0.83304
op1[138] 0.849882
op1[137] 0.852597
op1[136] 0.865839
op1[135] 0.852597
op1[134] 0.858231
op1[133] 0.869822
op1[132] 0.858231
op1[131] 0.865839
op1[130] 0.852597
op1[129] 0.8823
op1[128] 0.881253
op1[127] 0.858231
op1[126] 0.868662
op1[125] 0.879243
op1[124] 0.822382
op1[123] 0.923436
op1[122] 0.920737
op1[121] 0.852597
op1[120] 0.860645
op1[119] 0.901855
op1[118] 0.916735
op1[117] 0.868662
op1[116] 0.901419
op1[115] 0.922235
op1[114] 0.937702
op1[113] 0.948348
op1[112] 0.794493
op1[111] 0.940513
op1[110] 0.950466
op1[109] 0.85676
op1[108] 0.931063
op1[107] 0.817169
op1[106] 0.870328
op1[105] 0.794493
op1[104] 1.01824
op1[103] 0.800953
op1[102] 0.997344
op1[101] 0.92664
op1[100] 0.845526
op1[99] 0.933615
op1[98] 0.794493
op1[97] 0.787181
op1[96] 1.0065
op1[95] 0.862841
op1[94] 0.800953
op1[93] 0.93453
op1[92] 0.92517
op1[91] 0.919159
op1[90] 0.762807
op1[89] 0.948159
op1[88] 0.854158
op1[87] 0.857016
op1[86] 1.0279
op1[85] 0.938002
op1[84] 0.865748
op1[83] 1.15329
op1[82] 1.02
op1[81] 0.877493
op1[80] 1.1931
op1[79] 1.01521
op1[78] 0.91557
op1[77] 0.880347
op1[76] 0.838117
op1[75] 0.8919
op1[74] 0.891705
op1[73] 1.57622
op1[72] 0.941753
op1[71] 0.916713
op1[70] 0.923628
op1[69] 0.879243
op1[68] 0.944302
op1[67] 1.03208
op1[66] 0.930285
op1[65] 0.923628
op1[64] 0.969861
op1[63] 0.919068
op1[62] 0.920321
op1[61] 0.937543
op1[60] 0.8991
op1[59] 1.05392
op1[58] 0.935895
op1[57] 0.966684
op1[56] 0.926031
op1[55] 0.917811
op1[54] 0.858231
op1[53] 0.937847
op1[52] 0.943405
op1[51] 0.935065
op1[50] 0.943363
op1[49] 0.952292
op1[48] 0.953074
op1[47] 1.09293
op1[46] 0.94549
op1[45] 1.01528
op1[44] 0.944513
op1[43] 0.915829
op1[42] 0.959234
op1[41] 0.938212
op1[40] 0.949349
op1[39] 0.939983
op1[38] 0.949515
op1[37] 0.947417
op1[36] 0.952667
op1[35] 0.998388
op1[34] 0.94417
op1[33] 1.1417
op1[32] 1.20663
op1[31] 0.883801
op1[30] 0.941984
op1[29] 0.921435
op1[28] 0.957181
op1[27] 1.03441
op1[26] 0.916632
op1[25] 0.92628
op1[24] 1.01234
op1[23] 0.94583
op1[22] 0.901905
op1[21] 1.02571
op1[20] 0.966588
op1[19] 0.894807
op1[18] 0.911829
op1[17] 0.943603
op1[16] 0.950649
op1[15] 1.02436
op1[14] 0.925008
op1[13] 0.932304
op1[12] 0.90049
op1[11] 1.1278
op1[10] 0.933255
op1[9] 1.01649
op1[8] 1.14017
op1[7] 1.01582
op1[6] 0.87689
op1[5] 0.905479
op1[4] 0.948393
op1[3] 0.935107
op1[2] 1.20809
op1[1] 0.933448
op1[0] 0.95367
op2[255] 0.929948
op2[254] 0.935456
op2[253] 0.923208
op2[252] 1.00101
op2[251] 0.936394
op2[250] 0.941145
op2[249] 0.925817
op2[248] 0.920391
op2[247] 0.950469
op2[246] 0.91594
op2[245] 0.919853
op2[244] 1.01946
op2[243] 0.930887
op2[242] 0.922617
op2[241] 0.955811
op2[240] 0.91594
op2[239] 1.09363
op2[238] 0.911993
op2[237] 0.955915
op2[236] 0.951869
op2[235] 0.896411
op2[234] 0.926312
op2[233] 0.956772
op2[232] 0.889565
op2[231] 0.934749
op2[230] 0.95766
op2[229] 0.918467
op2[228] 0.935456
op2[227] 0.920922
op2[226] 0.944222
op2[225] 0.937666
op2[224] 0.924792
op2[223] 0.922617
op2[222] 0.940482
op2[221] 0.91594
op2[220] 0.939609
op2[219] 0.907344
op2[218] 0.972822
op2[217] 0.948571
op2[216] 0.896411
op2[215] 0.92591
op2[214] 0.953109
op2[213] 0.971491
op2[212] 0.932457
op2[211] 1.11046
op2[210] 0.939257
op2[209] 0.987224
op2[208] 0.920922
op2[207] 0.944347
op2[206] 0.966534
op2[205] 0.945224
op2[204] 0.925197
op2[203] 0.947867
op2[202] 0.920922
op2[201] 0.953369
op2[200] 0.964269
op2[199] 0.939985
op2[198] 0.984661
op2[197] 0.975034
op2[196] 0.956917
op2[195] 1.01793
op2[194] 1.01372
op2[193] 0.957958
op2[192] 0.955747
op2[191] 0.972545
op2[190] 1.00028
op2[189] 0.943868
op2[188] 0.971257
op2[187] 0.938229
op2[186] 0.959978
op2[185] 1.065
op2[184] 0.940577
op2[183] 1.00564
op2[182] 0.961107
op2[181] 1.01468
op2[180] 0.959587
op2[179] 0.970254
op2[178] 0.932
op2[177] 1.00903
op2[176] 0.999187
op2[175] 0.959269
op2[174] 0.964154
op2[173] 0.925113
op2[172] 0.968136
op2[171] 0.935616
op2[170] 0.940597
op2[169] 0.89588
op2[168] 0.918644
op2[167] 1.08962
op2[166] 0.940672
op2[165] 0.945954
op2[164] 0.975982
op2[163] 0.936596
op2[162] 0.924
op2[161] 0.905652
op2[160] 0.920326
op2[159] 0.960517
op2[158] 1.74087
op2[157] 0.971417
op2[156] 0.895816
op2[155] 0.920344
op2[154] 0.926296
op2[153] 0.987312
op2[152] 0.908975
op2[151] 0.959595
op2[150] 1.08269
op2[149] 0.959348
op2[148] 0.940597
op2[147] 0.974979
op2[146] 0.964246
op2[145] 0.926435
op2[144] 1.23826
op2[143] 0.955124
op2[142] 0.955037
op2[141] 1.29084
op2[140] 1.06532
op2[139] 0.986004
op2[138] 0.905435
op2[137] 0.934485
op2[136] 1.00166
op2[135] 0.967084
op2[134] 0.975827
op2[133] 1.03221
op2[132] 0.909149
op2[131] 0.948388
op2[130] 0.869415
op2[129] 0.980132
op2[128] 1.05335
op2[127] 1.09862
op2[126] 1.10064
op2[125] 0.955226
op2[124] 0.969565
op2[123] 0.895816
op2[122] 0.894675
op2[121] 0.953288
op2[120] 1.05363
op2[119] 1.03563
op2[118] 0.970294
op2[117] 0.979571
op2[116] 0.955278
op2[115] 0.880396
op2[114] 0.910665
op2[113] 0.920344
op2[112] 0.954357
op2[111] 0.968605
op2[110] 1.04084
op2[109] 1.02038
op2[108] 0.970916
op2[107] 1.29162
op2[106] 0.954709
op2[105] 0.93461
op2[104] 1.03405
op2[103] 0.951205
op2[102] 1.24668
op2[101] 0.936808
op2[100] 0.970132
op2[99] 1.0289
op2[98] 1.01838
op2[97] 0.901433
op2[96] 0.913452
op2[95] 0.968229
op2[94] 1.01499
op2[93] 1.58455
op2[92] 0.86052
op2[91] 0.882682
op2[90] 0.925652
op2[89] 0.952232
op2[88] 0.922009
op2[87] 0.942303
op2[86] 1.11302
op2[85] 0.942431
op2[84] 0.95066
op2[83] 0.946797
op2[82] 0.954831
op2[81] 0.949369
op2[80] 0.936714
op2[79] 0.936836
op2[78] 0.957326
op2[77] 1.02348
op2[76] 0.974762
op2[75] 0.945806
op2[74] 0.942738
op2[73] 0.914471
op2[72] 1.21934
op2[71] 0.955631
op2[70] 0.946827
op2[69] 1.02068
op2[68] 0.906684
op2[67] 0.946606
op2[66] 1.08279
op2[65] 1.16633
op2[64] 1.02782
op2[63] 1.19459
op2[62] 0.936836
op2[61] 0.944655
op2[60] 1.02257
op2[59] 0.935114
op2[58] 1.22043
op2[57] 0.936157
op2[56] 0.926587
op2[55] 0.95162
op2[54] 0.948501
op2[53] 0.941534
op2[52] 0.939379
op2[51] 0.923765
op2[50] 0.941149
op2[49] 0.916057
op2[48] 0.921123
op2[47] 0.968571
op2[46] 0.932
op2[45] 0.910882
op2[44] 0.92543
op2[43] 0.943625
op2[42] 0.943672
op2[41] 0.921123
op2[40] 1.05611
op2[39] 0.937884
op2[38] 0.939379
op2[37] 0.907299
op2[36] 1.11363
op2[35] 0.941149
op2[34] 1.11327
op2[33] 0.938233
op2[32] 0.954957
op2[31] 0.935114
op2[30] 1.07176
op2[29] 0.926908
op2[28] 0.945111
op2[27] 1.03031
op2[26] 0.927429
op2[25] 0.889259
op2[24] 0.944689
op2[23] 0.93451
op2[22] 1.13988
op2[21] 0.938365
op2[20] 0.93453
op2[19] 0.974747
op2[18] 0.935406
op2[17] 0.945881
op2[16] 0.874689
op2[15] 0.896636
op2[14] 0.953325
op2[13] 0.903752
op2[12] 1.01002
op2[11] 0.84604
op2[10] 0.961124
op2[9] 0.906939
op2[8] 0.912619
op2[7] 0.902201
op2[6] 0.960256
op2[5] 0.914369
op2[4] 0.949079
op2[3] 0.886774
op2[2] 0.903752
op2[1] 0.964791
op2[0] 0.902635
result[511] 1.0459
result[510] 0.930493
result[509] 0.958785
result[508] 0.921003
result[507] 0.860369
result[506] 1.15887
result[505] 0.848195
result[504] 1.17656
result[503] 0.83747
result[502] 0.917508
result[501] 1.26192
result[500] 1.01295
result[499] 0.893972
result[498] 1.48694
result[497] 0.897113
result[496] 0.825561
result[495] 1.15063
result[494] 1.10951
result[493] 0.883328
result[492] 0.90028
result[491] 0.972934
result[490] 0.842095
result[489] 0.907357
result[488] 0.893972
result[487] 0.960659
result[486] 0.893313
result[485] 0.935176
result[484] 0.856391
result[483] 1.12553
result[482] 0.893594
result[481] 0.895144
result[480] 1.42035
result[479] 1.04491
result[478] 0.876716
result[477] 0.881949
result[476] 1.13302
result[475] 0.81438
result[474] 0.881991
result[473] 0.891811
result[472] 0.874835
result[471] 0.810014
result[470] 0.882506
result[469] 1.05073
result[468] 0.963708
result[467] 0.846076
result[466] 0.905033
result[465] 0.958785
result[464] 0.893856
result[463] 0.958834
result[462] 1.05273
result[461] 0.89212
result[460] 0.908572
result[459] 1.07579
result[458] 1.00592
result[457] 0.801297
result[456] 1.02058
result[455] 0.781196
result[454] 0.81849
result[453] 1.04244
result[452] 1.14362
result[451] 0.914331
result[450] 0.925975
result[449] 1.00079
result[448] 0.928322
result[447] 1.20595
result[446] 0.965555
result[445] 0.868333
result[444] 0.860375
result[443] 0.886763
result[442] 0.943356
result[441] 1.09038
result[440] 0.866522
result[439] 0.89848
result[438] 0.841904
result[437] 0.860375
result[436] 0.88675
result[435] 0.925817
result[434] 0.931851
result[433] 0.866522
result[432] 0.827938
result[431] 0.852246
result[430] 0.88173
result[429] 0.88675
result[428] 0.873074
result[427] 0.930107
result[426] 0.923986
result[425] 0.922448
result[424] 0.902398
result[423] 0.887679
result[422] 0.939851
result[421] 0.914274
result[420] 0.933906
result[419] 0.947617
result[418] 0.922448
result[417] 1.04112
result[416] 0.934669
result[415] 0.917387
result[414] 1.04191
result[413] 0.937183
result[412] 0.954243
result[411] 0.873439
result[410] 0.895382
result[409] 0.934669
result[408] 0.908066
result[407] 0.911509
result[406] 0.932367
result[405] 0.923504
result[404] 0.976692
result[403] 0.932367
result[402] 1.04938
result[401] 0.909929
result[400] 0.91611
result[399] 0.932367
result[398] 1.06655
result[397] 0.942667
result[396] 0.879581
result[395] 0.906615
result[394] 0.93682
result[393] 0.886089
result[392] 0.91489
result[391] 0.874727
result[390] 1.00292
result[389] 0.934821
result[388] 0.934669
result[387] 0.884428
result[386] 0.906928
result[385] 0.888353
result[384] 0.927728
result[383] 0.931614
result[382] 0.91343
result[381] 0.944171
result[380] 0.885307
result[379] 0.952123
result[378] 0.912275
result[377] 0.91815
result[376] 0.980235
result[375] 0.906232
result[374] 0.942653
result[373] 0.903047
result[372] 0.934222
result[371] 1.00376
result[370] 0.914088
result[369] 0.81463
result[368] 0.914536
result[367] 1.06042
result[366] 0.929282
result[365] 0.944347
result[364] 0.943994
result[363] 0.920406
result[362] 1.0713
result[361] 0.931218
result[360] 0.902147
result[359] 0.86637
result[358] 0.889788
result[357] 0.989824
result[356] 1.09665
result[355] 1.20244
result[354] 0.893167
result[353] 0.878926
result[352] 1.30247
result[351] 0.835584
result[350] 0.942062
result[349] 0.937113
result[348] 0.828511
result[347] 0.889874
result[346] 0.938033
result[345] 0.938322
result[344] 0.901629
result[343] 1.0835
result[342] 0.902087
result[341] 1.15672
result[340] 0.963805
result[339] 1.01037
result[338] 0.956085
result[337] 0.910236
result[336] 0.877098
result[335] 0.931958
result[334] 0.925071
result[333] 0.837824
result[332] 0.893594
result[331] 0.897002
result[330] 0.85764
result[329] 0.859818
result[328] 1.2435
result[327] 1.03438
result[326] 1.12453
result[325] 1.0723
result[324] 0.946968
result[323] 1.48962
result[322] 1.01171
result[321] 0.828574
result[320] 0.901045
result[319] 0.865762
result[318] 0.904721
result[317] 0.958329
result[316] 0.818298
result[315] 1.39027
result[314] 0.894614
result[313] 0.821576
result[312] 1.19295
result[311] 1.03366
result[310] 0.862795
result[309] 1.57208
result[308] 0.99942
result[307] 0.96524
result[306] 0.933025
result[305] 1.14652
result[304] 0.854449
result[303] 0.943987
result[302] 0.825683
result[301] 0.924854
result[300] 0.86044
result[299] 0.999679
result[298] 1.01612
result[297] 0.997564
result[296] 0.828881
result[295] 1.00763
result[294] 1.00353
result[293] 0.96167
result[292] 0.952587
result[291] 0.958823
result[290] 0.929205
result[289] 1.02845
result[288] 0.930156
result[287] 0.995411
result[286] 0.922895
result[285] 0.942125
result[284] 0.92487
result[283] 1.15279
result[282] 0.976942
result[281] 0.936768
result[280] 0.892141
result[279] 0.922895
result[278] 1.06827
result[277] 1.00186
result[276] 0.939124
result[275] 0.918635
result[274] 0.913017
result[273] 0.939851
result[272] 0.995575
result[271] 0.931735
result[270] 1.00019
result[269] 0.946208
result[268] 0.901042
result[267] 0.976705
result[266] 0.906455
result[265] 0.990476
result[264] 1.07182
result[263] 0.933886
result[262] 1.00356
result[261] 0.909091
result[260] 0.944171
result[259] 0.925235
result[258] 0.898236
result[257] 0.909933
result[256] 0.927272
result[255] 0.898085
result[254] 0.932367
result[253] 1.0978
result[252] 0.909112
result[251] 0.942835
result[250] 0.93144
result[249] 0.950064
result[248] 0.916596
result[247] 0.910085
result[246] 0.945806
result[245] 0.942773
result[244] 0.969573
result[243] 0.92542
result[242] 1.25239
result[241] 0.945005
result[240] 0.96213
result[239] 0.934669
result[238] 0.905305
result[237] 0.910311
result[236] 0.916619
result[235] 1.12171
result[234] 0.912885
result[233] 1.00229
result[232] 0.941492
result[231] 0.904502
result[230] 0.945458
result[229] 0.945364
result[228] 0.935006
result[227] 0.937337
result[226] 0.944494
result[225] 0.999566
result[224] 1.00878
result[223] 0.93924
result[222] 0.975253
result[221] 1.08366
result[220] 0.916337
result[219] 1.03427
result[218] 0.931725
result[217] 1.01704
result[216] 0.941145
result[215] 0.999696
result[214] 0.998372
result[213] 1.16534
result[212] 1.01539
result[211] 0.928382
result[210] 0.937843
result[209] 0.939754
result[208] 0.934621
result[207] 0.917176
result[206] 0.920173
result[205] 0.905358
result[204] 0.983861
result[203] 0.939036
result[202] 0.93486
result[201] 1.00324
result[200] 0.971058
result[199] 0.90841
result[198] 0.909427
result[197] 0.898085
result[196] 0.936903
result[195] 0.931238
result[194] 0.99935
result[193] 0.932754
result[192] 0.98449
result[191] 0.904502
result[190] 0.938214
result[189] 0.940715
result[188] 0.931238
result[187] 0.934552
result[186] 0.924705
result[185] 0.934039
result[184] 0.897276
result[183] 0.971964
result[182] 1.00087
result[181] 0.933262
result[180] 0.928937
result[179] 0.929894
result[178] 0.949764
result[177] 0.986758
result[176] 0.896059
result[175] 0.913298
result[174] 0.939739
result[173] 0.943465
result[172] 0.929894
result[171] 1.06313
result[170] 0.984542
result[169] 0.919871
result[168] 0.930267
result[167] 0.9248
result[166] 0.924754
result[165] 0.898684
result[164] 0.927615
result[163] 1.40175
result[162] 0.968037
result[161] 0.901042
result[160] 0.964832
result[159] 0.946208
result[158] 0.947515
result[157] 1.07498
result[156] 0.893471
result[155] 0.904618
result[154] 0.926479
result[153] 0.942906
result[152] 0.934424
result[151] 0.949211
result[150] 0.922895
result[149] 1.07026
result[148] 0.904618
result[147] 0.920193
result[146] 0.956698
result[145] 1.03411
result[144] 0.911771
result[143] 0.935166
result[142] 0.900863
result[141] 0.890755
result[140] 0.902398
result[139] 0.898085
result[138] 0.933602
result[137] 0.925834
result[136] 0.942835
result[135] 0.990761
result[134] 0.90062
result[133] 0.884198
result[132] 0.898085
result[131] 0.887475
result[130] 0.918455
result[129] 0.916904
result[128] 0.987334
result[127] 0.910602
result[126] 0.909206
result[125] 0.931155
result[124] 1.03464
result[123] 0.919987
result[122] 0.939506
result[121] 0.925167
result[120] 0.897154
result[119] 0.889059
result[118] 0.919712
result[117] 0.946934
result[116] 0.913124
result[115] 1.09076
result[114] 0.937411
result[113] 1.00604
result[112] 0.884335
result[111] 0.908302
result[110] 0.902152
result[109] 0.928593
result[108] 0.922853
result[107] 0.937183
result[106] 0.919812
result[105] 1.00175
result[104] 0.884437
result[103] 0.905358
result[102] 0.928593
result[101] 0.922853
result[100] 0.915766
result[99] 0.89505
result[98] 1.06271
result[97] 0.929515
result[96] 0.878215
result[95] 0.898085
result[94] 0.971508
result[93] 0.880777
result[92] 0.897882
result[91] 0.930215
result[90] 0.901884
result[89] 0.900079
result[88] 0.930827
result[87] 0.906928
result[86] 1.00655
result[85] 0.92784
result[84] 0.93682
result[83] 0.912265
result[82] 0.92114
result[81] 0.903625
result[80] 0.913017
result[79] 0.936955
result[78] 0.940715
result[77] 0.93682
result[76] 0.912265
result[75] 0.904073
result[74] 1.03332
result[73] 0.92878
result[72] 0.867656
result[71] 0.905235
result[70] 0.868762
result[69] 0.792161
result[68] 0.776982
result[67] 0.827938
result[66] 0.866522
result[65] 0.866522
result[64] 0.856546
result[63] 0.88675
result[62] 1.08326
result[61] 0.776982
result[60] 0.83213
result[59] 0.878875
result[58] 0.866522
result[57] 0.841303
result[56] 0.856546
result[55] 0.96269
result[54] 0.776982
result[53] 0.841904
result[52] 0.872698
result[51] 0.978703
result[50] 0.893191
result[49] 0.905235
result[48] 0.861991
result[47] 0.854601
result[46] 0.903146
result[45] 0.757027
result[44] 0.904527
result[43] 0.895839
result[42] 0.856546
result[41] 1.00651
result[40] 0.854601
result[39] 0.981151
result[38] 0.763797
result[37] 0.840415
result[36] 1.10466
result[35] 0.856546
result[34] 0.844958
result[33] 0.846288
result[32] 0.776982
result[31] 0.757027
result[30] 0.870633
result[29] 0.852339
result[28] 0.848679
result[27] 0.898905
result[26] 0.898905
result[25] 0.776982
result[24] 0.852703
result[23] 0.704786
result[22] 0.873537
result[21] 0.898336
result[20] 0.902585
result[19] 0.886875
result[18] 0.793908
result[17] 0.757027
result[16] 0.742848
result[15] 0.890316
result[14] 0.86194
result[13] 0.898336
result[12] 1.17358
result[11] 0.793908
result[10] 0.867341
result[9] 0.742848
result[8] 0.963461
result[7] 0.852339
result[6] 0.907745
result[5] 1.44053
result[4] 0.793908
result[3] 0.793908
result[2] 0.843081
result[1] 0.796423
result[0] 0.956563
