reset 	 5.176
pwr_ctrl[2] 	 3.626
pwr_ctrl[1] 	 5.556
pwr_ctrl[0] 	 5.024
shutdown 	 3.018
isolate 	 4.934
cmd[7] 	 4.6
cmd[6] 	 5.542
cmd[5] 	 5.1785
cmd[4] 	 4.8245
cmd[3] 	 5.7865
cmd[2] 	 4.8745
cmd[1] 	 3.08
cmd[0] 	 3.11
op1[255] 	 2.198
op1[254] 	 3.414
op1[253] 	 5.556
op1[252] 	 7.122
op1[251] 	 3.991
op1[250] 	 3.414
op1[249] 	 4.295
op1[248] 	 3.732
op1[247] 	 4.599
op1[246] 	 4.036
op1[245] 	 4.295
op1[244] 	 4.34
op1[243] 	 3.428
op1[242] 	 3.414
op1[241] 	 4.326
op1[240] 	 5.1285
op1[239] 	 4.63
op1[238] 	 6.97
op1[237] 	 3.08
op1[236] 	 3.732
op1[235] 	 3.384
op1[234] 	 4.036
op1[233] 	 3.08
op1[232] 	 3.11
op1[231] 	 3.384
op1[230] 	 3.414
op1[229] 	 2.472
op1[228] 	 3.718
op1[227] 	 2.776
op1[226] 	 3.414
op1[225] 	 3.08
op1[224] 	 3.718
op1[223] 	 5.238
op1[222] 	 4.296
op1[221] 	 6.772
op1[220] 	 6.24
op1[219] 	 10.8
op1[218] 	 5.754
op1[217] 	 7.912
op1[216] 	 9.098000000000001
op1[215] 	 8.856
op1[214] 	 10.8
op1[213] 	 7.608
op1[212] 	 9.736000000000001
op1[211] 	 10.77
op1[210] 	 8.794
op1[209] 	 7.73
op1[208] 	 9.401999999999999
op1[207] 	 9.736000000000001
op1[206] 	 7.67
op1[205] 	 12.442
op1[204] 	 9.706
op1[203] 	 10.618
op1[202] 	 7.73
op1[201] 	 8.794
op1[200] 	 7.67
op1[199] 	 2.806
op1[198] 	 3.718
op1[197] 	 3.414
op1[196] 	 3.384
op1[195] 	 2.776
op1[194] 	 3.384
op1[193] 	 3.08
op1[192] 	 3.414
op1[191] 	 3.11
op1[190] 	 3.414
op1[189] 	 3.11
op1[188] 	 2.776
op1[187] 	 2.776
op1[186] 	 3.08
op1[185] 	 2.776
op1[184] 	 3.11
op1[183] 	 4.296
op1[182] 	 3.11
op1[181] 	 3.08
op1[180] 	 2.776
op1[179] 	 2.776
op1[178] 	 2.776
op1[177] 	 3.11
op1[176] 	 2.806
op1[175] 	 3.11
op1[174] 	 2.806
op1[173] 	 3.08
op1[172] 	 2.472
op1[171] 	 2.776
op1[170] 	 2.472
op1[169] 	 3.414
op1[168] 	 2.502
op1[167] 	 2.806
op1[166] 	 2.502
op1[165] 	 2.472
op1[164] 	 2.198
op1[163] 	 2.472
op1[162] 	 2.198
op1[161] 	 2.502
op1[160] 	 2.198
op1[159] 	 2.502
op1[158] 	 2.472
op1[157] 	 2.198
op1[156] 	 2.472
op1[155] 	 2.198
op1[154] 	 3.718
op1[153] 	 2.198
op1[152] 	 2.502
op1[151] 	 3.688
op1[150] 	 3.688
op1[149] 	 2.502
op1[148] 	 2.7465
op1[147] 	 2.502
op1[146] 	 2.198
op1[145] 	 2.472
op1[144] 	 3.688
op1[143] 	 3.384
op1[142] 	 3.718
op1[141] 	 3.414
op1[140] 	 3.718
op1[139] 	 3.414
op1[138] 	 3.384
op1[137] 	 3.08
op1[136] 	 3.384
op1[135] 	 3.08
op1[134] 	 3.414
op1[133] 	 3.718
op1[132] 	 3.414
op1[131] 	 3.384
op1[130] 	 3.08
op1[129] 	 3.9125
op1[128] 	 3.6085
op1[127] 	 3.414
op1[126] 	 3.6585
op1[125] 	 3.9625
op1[124] 	 3.1275
op1[123] 	 5.146
op1[122] 	 5.1285
op1[121] 	 3.08
op1[120] 	 3.3045
op1[119] 	 5.176
op1[118] 	 5.4825
op1[117] 	 3.6585
op1[116] 	 5.1785
op1[115] 	 5.298
op1[114] 	 2.472
op1[113] 	 8.218500000000001
op1[112] 	 2.4695
op1[111] 	 6.6485
op1[110] 	 7.5605
op1[109] 	 3.3545
op1[108] 	 5.4325
op1[107] 	 2.4695
op1[106] 	 3.3045
op1[105] 	 2.4695
op1[104] 	 3.8105
op1[103] 	 2.5195
op1[102] 	 2.8235
op1[101] 	 5.7865
op1[100] 	 3.0005
op1[99] 	 6.3945
op1[98] 	 2.4695
op1[97] 	 2.2155
op1[96] 	 7.6105
op1[95] 	 3.6855
op1[94] 	 2.5195
op1[93] 	 4.903
op1[92] 	 6.3945
op1[91] 	 4.948
op1[90] 	 2.2155
op1[89] 	 6.3945
op1[88] 	 3.6855
op1[87] 	 3.3815
op1[86] 	 4.5705
op1[85] 	 6.0405
op1[84] 	 3.7355
op1[83] 	 5.0265
op1[82] 	 4.8745
op1[81] 	 3.6855
op1[80] 	 3.9125
op1[79] 	 4.5705
op1[78] 	 4.6725
op1[77] 	 4.2665
op1[76] 	 3.4315
op1[75] 	 4.7225
op1[74] 	 4.4185
op1[73] 	 3.3815
op1[72] 	 5.511
op1[71] 	 4.5205
op1[70] 	 5.5845
op1[69] 	 3.9625
op1[68] 	 4.8745
op1[67] 	 4.7225
op1[66] 	 6.6485
op1[65] 	 5.5845
op1[64] 	 4.0645
op1[63] 	 3.991
op1[62] 	 3.991
op1[61] 	 5.86
op1[60] 	 4.7225
op1[59] 	 4.34
op1[58] 	 6.271
op1[57] 	 6.6485
op1[56] 	 4.948
op1[55] 	 4.295
op1[54] 	 3.414
op1[53] 	 7.031
op1[52] 	 8.976000000000001
op1[51] 	 6.468
op1[50] 	 6.727
op1[49] 	 10.648
op1[48] 	 8.247
op1[47] 	 8.49
op1[46] 	 8.292
op1[45] 	 6.544
op1[44] 	 7.335
op1[43] 	 7.366
op1[42] 	 9.811999999999999
op1[41] 	 7.639
op1[40] 	 8.292
op1[39] 	 9.464
op1[38] 	 7.943
op1[37] 	 8.596
op1[36] 	 10.648
op1[35] 	 8.064
op1[34] 	 8.49
op1[33] 	 5.815
op1[32] 	 6.514
op1[31] 	 4.63
op1[30] 	 6.119
op1[29] 	 6.0905
op1[28] 	 11.864
op1[27] 	 6.423
op1[26] 	 7.305
op1[25] 	 5.86
op1[24] 	 5.512
op1[23] 	 8.824
op1[22] 	 4.934
op1[21] 	 5.7365
op1[20] 	 11.2085
op1[19] 	 5.238
op1[18] 	 5.512
op1[17] 	 8.582000000000001
op1[16] 	 8.247
op1[15] 	 7.882
op1[14] 	 6.454
op1[13] 	 6.544
op1[12] 	 6.12
op1[11] 	 9.279999999999999
op1[10] 	 6.772
op1[9] 	 7.882
op1[8] 	 5.208
op1[7] 	 9.736000000000001
op1[6] 	 4.63
op1[5] 	 5.512
op1[4] 	 8.215999999999999
op1[3] 	 6.164
op1[2] 	 8.702999999999999
op1[1] 	 5.815
op1[0] 	 7.943
op2[255] 	 7.366
op2[254] 	 6.848
op2[253] 	 7.032
op2[252] 	 7.944
op2[251] 	 6.666
op2[250] 	 7.578
op2[249] 	 6.12
op2[248] 	 6.758
op2[247] 	 8.52
op2[246] 	 6.424
op2[245] 	 7.062
op2[244] 	 7.912
op2[243] 	 6.6485
op2[242] 	 7.366
op2[241] 	 9.052
op2[240] 	 6.424
op2[239] 	 7.882
op2[238] 	 6.454
op2[237] 	 7.304
op2[236] 	 8.186
op2[235] 	 4.904
op2[234] 	 5.754
op2[233] 	 9.554
op2[232] 	 4.6
op2[231] 	 6.544
op2[230] 	 6.6485
op2[229] 	 6.758
op2[228] 	 6.848
op2[227] 	 6.424
op2[226] 	 7.6105
op2[225] 	 8.278
op2[224] 	 6.728
op2[223] 	 7.366
op2[222] 	 8.215999999999999
op2[221] 	 6.424
op2[220] 	 7.882
op2[219] 	 6.454
op2[218] 	 8.794
op2[217] 	 8.186
op2[216] 	 4.904
op2[215] 	 7.032
op2[214] 	 9.554
op2[213] 	 6.454
op2[212] 	 6.544
op2[211] 	 6.12
op2[210] 	 8.824
op2[209] 	 9.706
op2[208] 	 6.424
op2[207] 	 9.128
op2[206] 	 13.536
op2[205] 	 10.406
op2[204] 	 7.366
op2[203] 	 9.706
op2[202] 	 6.424
op2[201] 	 9.736000000000001
op2[200] 	 10.831
op2[199] 	 7.2565
op2[198] 	 10.04
op2[197] 	 11.135
op2[196] 	 11.1065
op2[195] 	 10.9045
op2[194] 	 10.7525
op2[193] 	 10.1445
op2[192] 	 11.1065
op2[191] 	 13.6405
op2[190] 	 12.4745
op2[189] 	 6.164
op2[188] 	 12.351
op2[187] 	 8.701499999999999
op2[186] 	 14.6795
op2[185] 	 12.138
op2[184] 	 8.734
op2[183] 	 12.776
op2[182] 	 12.29
op2[181] 	 13.962
op2[180] 	 7.943
op2[179] 	 15.5145
op2[178] 	 7
op2[177] 	 10.8025
op2[176] 	 9.843999999999999
op2[175] 	 12.472
op2[174] 	 12.442
op2[173] 	 6.196
op2[172] 	 7.6105
op2[171] 	 4.644
op2[170] 	 5.892
op2[169] 	 4.6725
op2[168] 	 4.8245
op2[167] 	 7.0795
op2[166] 	 7.4585
op2[165] 	 6.772
op2[164] 	 6.62
op2[163] 	 5.252
op2[162] 	 6.5
op2[161] 	 4.5205
op2[160] 	 5.146
op2[159] 	 6.4965
op2[158] 	 4.3685
op2[157] 	 7.1545
op2[156] 	 4.2665
op2[155] 	 5.1785
op2[154] 	 6.5465
op2[153] 	 8.4725
op2[152] 	 5.5095
op2[151] 	 5.4325
op2[150] 	 4.9765
op2[149] 	 11.1065
op2[148] 	 5.892
op2[147] 	 5.2555
op2[146] 	 6.6985
op2[145] 	 4.948
op2[144] 	 5.6345
op2[143] 	 9.080500000000001
op2[142] 	 8.140000000000001
op2[141] 	 3.428
op2[140] 	 4.0645
op2[139] 	 6.3945
op2[138] 	 3.4315
op2[137] 	 5.556
op2[136] 	 5.7365
op2[135] 	 7.1545
op2[134] 	 9.080500000000001
op2[133] 	 5.6345
op2[132] 	 4.6725
op2[131] 	 5.9385
op2[130] 	 4.0395
op2[129] 	 5.8135
op2[128] 	 4.9765
op2[127] 	 7.7625
op2[126] 	 7.8645
op2[125] 	 6.2425
op2[124] 	 8.0665
op2[123] 	 4.2665
op2[122] 	 4.6475
op2[121] 	 9.1305
op2[120] 	 5.5845
op2[119] 	 6.4965
op2[118] 	 6.6485
op2[117] 	 3.9895
op2[116] 	 8.7765
op2[115] 	 4.3435
op2[114] 	 5.2555
op2[113] 	 5.1785
op2[112] 	 3.7355
op2[111] 	 6.8005
op2[110] 	 3.6855
op2[109] 	 6.6485
op2[108] 	 7.3065
op2[107] 	 6.9525
op2[106] 	 6.5465
op2[105] 	 5.4825
op2[104] 	 5.3305
op2[103] 	 7.4085
op2[102] 	 2.8235
op2[101] 	 5.7365
op2[100] 	 6.3445
op2[99] 	 3.6855
op2[98] 	 7.1545
op2[97] 	 4.5705
op2[96] 	 5.4825
op2[95] 	 6.0905
op2[94] 	 4.5705
op2[93] 	 6.4965
op2[92] 	 3.384
op2[91] 	 4.296
op2[90] 	 5.7365
op2[89] 	 8.9285
op2[88] 	 8.065
op2[87] 	 7.73
op2[86] 	 6.2425
op2[85] 	 7.4085
op2[84] 	 10.3465
op2[83] 	 8.016500000000001
op2[82] 	 8.9
op2[81] 	 8.522500000000001
op2[80] 	 8.0665
op2[79] 	 6.5465
op2[78] 	 9.888999999999999
op2[77] 	 7.5605
op2[76] 	 8.7765
op2[75] 	 6.772
op2[74] 	 7.7625
op2[73] 	 5.8635
op2[72] 	 4.5705
op2[71] 	 6.3445
op2[70] 	 9.1305
op2[69] 	 4.5705
op2[68] 	 4.5705
op2[67] 	 8.624499999999999
op2[66] 	 9.5365
op2[65] 	 4.948
op2[64] 	 6.3445
op2[63] 	 7.1045
op2[62] 	 6.5465
op2[61] 	 8.320499999999999
op2[60] 	 8.218500000000001
op2[59] 	 6.8505
op2[58] 	 6.0905
op2[57] 	 7.8395
op2[56] 	 5.1285
op2[55] 	 9.890499999999999
op2[54] 	 8.320499999999999
op2[53] 	 8.218500000000001
op2[52] 	 7.0025
op2[51] 	 6.0405
op2[50] 	 8.6745
op2[49] 	 5.1285
op2[48] 	 5.4325
op2[47] 	 7.0795
op2[46] 	 6.6985
op2[45] 	 5.1785
op2[44] 	 5.7865
op2[43] 	 8.1685
op2[42] 	 6.6485
op2[41] 	 5.4325
op2[40] 	 8.295500000000001
op2[39] 	 8.218500000000001
op2[38] 	 7.0025
op2[37] 	 5.48
op2[36] 	 6.97
op2[35] 	 8.6745
op2[34] 	 6.9525
op2[33] 	 9.5115
op2[32] 	 9.890499999999999
op2[31] 	 6.8505
op2[30] 	 7.609
op2[29] 	 6.5465
op2[28] 	 8.672000000000001
op2[27] 	 6.6485
op2[26] 	 7
op2[25] 	 4.7995
op2[24] 	 8.641999999999999
op2[23] 	 7.3065
op2[22] 	 8.885999999999999
op2[21] 	 7.366
op2[20] 	 8.247999999999999
op2[19] 	 9.8405
op2[18] 	 6.8505
op2[17] 	 8.278
op2[16] 	 4.022
op2[15] 	 4.934
op2[14] 	 7.67
op2[13] 	 4.904
op2[12] 	 7.6375
op2[11] 	 3.384
op2[10] 	 7.974
op2[9] 	 3.718
op2[8] 	 5.1785
op2[7] 	 5.542
op2[6] 	 8.278
op2[5] 	 5.512
op2[4] 	 8.247999999999999
op2[3] 	 3.992
op2[2] 	 4.904
op2[1] 	 7.64
op2[0] 	 5.238
result[511] 	 5.2835
result[510] 	 5.8915
result[509] 	 3.0935
result[508] 	 5.5255
result[507] 	 3.7635
result[506] 	 4.3715
result[505] 	 4.9175
result[504] 	 4.6755
result[503] 	 4.3715
result[502] 	 4.3095
result[501] 	 3.7015
result[500] 	 4.9795
result[499] 	 4.3715
result[498] 	 4.6135
result[497] 	 5.5255
result[496] 	 3.7635
result[495] 	 4.3715
result[494] 	 4.9175
result[493] 	 4.6755
result[492] 	 5.8915
result[491] 	 2.7895
result[490] 	 5.2215
result[489] 	 3.4595
result[488] 	 4.3715
result[487] 	 4.6135
result[486] 	 5.5255
result[485] 	 5.2835
result[484] 	 2.8515
result[483] 	 3.3975
result[482] 	 4.6755
result[481] 	 4.0675
result[480] 	 4.3095
result[479] 	 5.2215
result[478] 	 3.4595
result[477] 	 5.8915
result[476] 	 3.0935
result[475] 	 4.0055
result[474] 	 5.2835
result[473] 	 2.8515
result[472] 	 4.9175
result[471] 	 3.1555
result[470] 	 5.5875
result[469] 	 2.7895
result[468] 	 5.2215
result[467] 	 3.4595
result[466] 	 5.8915
result[465] 	 3.0935
result[464] 	 5.5255
result[463] 	 5.2835
result[462] 	 4.3715
result[461] 	 4.9175
result[460] 	 3.1555
result[459] 	 5.5875
result[458] 	 2.7895
result[457] 	 3.7015
result[456] 	 4.9795
result[455] 	 4.3715
result[454] 	 3.0935
result[453] 	 5.5255
result[452] 	 3.7635
result[451] 	 4.3715
result[450] 	 3.3975
result[449] 	 3.1555
result[448] 	 5.5875
result[447] 	 2.7895
result[446] 	 3.7015
result[445] 	 5.2215
result[444] 	 5.5255
result[443] 	 5.4355
result[442] 	 5.5875
result[441] 	 5.8915
result[440] 	 4.3715
result[439] 	 4.3095
result[438] 	 5.2215
result[437] 	 5.5255
result[436] 	 4.6755
result[435] 	 5.5875
result[434] 	 5.8915
result[433] 	 4.3715
result[432] 	 4.3095
result[431] 	 5.2215
result[430] 	 5.5255
result[429] 	 4.6755
result[428] 	 6.1335
result[427] 	 9.2355
result[426] 	 6.3475
result[425] 	 8.323499999999999
result[424] 	 8.109500000000001
result[423] 	 7.3495
result[422] 	 11.3635
result[421] 	 9.6295
result[420] 	 9.781499999999999
result[419] 	 6.3475
result[418] 	 8.323499999999999
result[417] 	 8.109500000000001
result[416] 	 8.9315
result[415] 	 6.6515
result[414] 	 7.9575
result[413] 	 8.779500000000001
result[412] 	 9.5395
result[411] 	 6.2855
result[410] 	 7.9575
result[409] 	 8.9315
result[408] 	 6.6515
result[407] 	 6.9555
result[406] 	 8.6275
result[405] 	 10.0855
result[404] 	 6.2855
result[403] 	 8.6275
result[402] 	 8.413500000000001
result[401] 	 8.5655
result[400] 	 6.9555
result[399] 	 8.6275
result[398] 	 9.083500000000001
result[397] 	 9.2355
result[396] 	 6.5895
result[395] 	 8.2615
result[394] 	 9.2355
result[393] 	 7.5015
result[392] 	 9.781499999999999
result[391] 	 7.5635
result[390] 	 7.7155
result[389] 	 6.5895
result[388] 	 8.9315
result[387] 	 8.717499999999999
result[386] 	 8.8695
result[385] 	 7.2595
result[384] 	 8.9315
result[383] 	 10.3895
result[382] 	 6.3475
result[381] 	 10.4515
result[380] 	 7.1975
result[379] 	 11.0595
result[378] 	 6.6515
result[377] 	 10.0855
result[376] 	 7.8675
result[375] 	 9.5395
result[374] 	 9.843500000000001
result[373] 	 7.9575
result[372] 	 8.323499999999999
result[371] 	 7.0455
result[370] 	 6.8035
result[369] 	 4.0055
result[368] 	 6.0435
result[367] 	 6.3475
result[366] 	 5.6775
result[365] 	 5.4355
result[364] 	 6.3475
result[363] 	 5.0695
result[362] 	 5.9815
result[361] 	 4.9795
result[360] 	 5.8915
result[359] 	 4.6135
result[358] 	 7.0455
result[357] 	 6.0435
result[356] 	 4.3715
result[355] 	 4.9175
result[354] 	 4.6755
result[353] 	 5.5875
result[352] 	 4.3095
result[351] 	 5.2215
result[350] 	 4.9795
result[349] 	 5.8915
result[348] 	 3.0935
result[347] 	 5.5255
result[346] 	 6.0435
result[345] 	 5.1315
result[344] 	 5.6775
result[343] 	 3.1555
result[342] 	 6.3475
result[341] 	 5.0695
result[340] 	 5.9815
result[339] 	 5.7395
result[338] 	 7.8675
result[337] 	 6.5895
result[336] 	 6.2855
result[335] 	 5.2835
result[334] 	 5.1315
result[333] 	 4.9175
result[332] 	 4.6755
result[331] 	 5.5875
result[330] 	 4.3095
result[329] 	 5.9815
result[328] 	 4.9795
result[327] 	 7.8675
result[326] 	 4.6135
result[325] 	 5.5255
result[324] 	 6.0435
result[323] 	 5.1315
result[322] 	 5.6775
result[321] 	 4.6755
result[320] 	 4.0675
result[319] 	 4.3095
result[318] 	 5.2215
result[317] 	 4.9795
result[316] 	 5.8915
result[315] 	 4.6135
result[314] 	 7.0455
result[313] 	 3.7635
result[312] 	 4.3715
result[311] 	 4.9175
result[310] 	 4.6755
result[309] 	 5.5875
result[308] 	 4.3095
result[307] 	 5.2215
result[306] 	 4.9795
result[305] 	 4.3715
result[304] 	 4.6135
result[303] 	 5.5255
result[302] 	 5.4355
result[301] 	 4.3715
result[300] 	 5.0695
result[299] 	 4.6755
result[298] 	 5.7395
result[297] 	 4.3095
result[296] 	 5.2215
result[295] 	 7.1385
result[294] 	 6.6515
result[293] 	 5.1005
result[292] 	 9.6915
result[291] 	 8.900499999999999
result[290] 	 8.1715
result[289] 	 5.6775
result[288] 	 7.8675
result[287] 	 8.1715
result[286] 	 8.4755
result[285] 	 9.2355
result[284] 	 11.4535
result[283] 	 9.781499999999999
result[282] 	 10.9075
result[281] 	 9.781499999999999
result[280] 	 7.6535
result[279] 	 8.4755
result[278] 	 9.2355
result[277] 	 9.387499999999999
result[276] 	 10.6035
result[275] 	 9.6295
result[274] 	 8.8695
result[273] 	 11.3635
result[272] 	 8.4755
result[271] 	 11.3015
result[270] 	 7.8675
result[269] 	 9.843500000000001
result[268] 	 8.109500000000001
result[267] 	 12.4275
result[266] 	 8.9315
result[265] 	 10.2375
result[264] 	 8.779500000000001
result[263] 	 8.9315
result[262] 	 8.5655
result[261] 	 8.717499999999999
result[260] 	 10.4515
result[259] 	 10.6935
result[258] 	 8.4755
result[257] 	 9.387499999999999
result[256] 	 10.0855
result[255] 	 7.8055
result[254] 	 8.6275
result[253] 	 9.9335
result[252] 	 8.5655
result[251] 	 8.4755
result[250] 	 8.6275
result[249] 	 10.6035
result[248] 	 7.7155
result[247] 	 8.8695
result[246] 	 12.4275
result[245] 	 10.7555
result[244] 	 9.0215
result[243] 	 9.781499999999999
result[242] 	 11.9715
result[241] 	 10.7555
result[240] 	 9.387499999999999
result[239] 	 8.9315
result[238] 	 8.717499999999999
result[237] 	 8.8695
result[236] 	 11.3635
result[235] 	 10.6035
result[234] 	 11.9095
result[233] 	 9.387499999999999
result[232] 	 10.4515
result[231] 	 8.717499999999999
result[230] 	 11.2115
result[229] 	 9.6915
result[228] 	 10.0855
result[227] 	 10.9075
result[226] 	 9.5395
result[225] 	 14.9805
result[224] 	 12.2445
result[223] 	 10.7555
result[222] 	 11.6985
result[221] 	 10.9075
result[220] 	 7.7155
result[219] 	 9.2355
result[218] 	 12.0615
result[217] 	 13.7645
result[216] 	 13.1255
result[215] 	 11.5155
result[214] 	 11.3635
result[213] 	 12.2445
result[212] 	 15.4365
result[211] 	 11.1495
result[210] 	 9.387499999999999
result[209] 	 10.2995
result[208] 	 9.9955
result[207] 	 12.8525
result[206] 	 10.5415
result[205] 	 8.109500000000001
result[204] 	 9.3255
result[203] 	 11.2115
result[202] 	 9.387499999999999
result[201] 	 8.4755
result[200] 	 8.1715
result[199] 	 10.5415
result[198] 	 8.109500000000001
result[197] 	 7.8055
result[196] 	 9.6915
result[195] 	 9.387499999999999
result[194] 	 9.9955
result[193] 	 8.1715
result[192] 	 10.5415
result[191] 	 8.717499999999999
result[190] 	 11.5155
result[189] 	 8.9315
result[188] 	 9.387499999999999
result[187] 	 9.083500000000001
result[186] 	 8.9315
result[185] 	 16.7145
result[184] 	 8.717499999999999
result[183] 	 9.9335
result[182] 	 8.6275
result[181] 	 9.387499999999999
result[180] 	 9.083500000000001
result[179] 	 8.779500000000001
result[178] 	 9.843500000000001
result[177] 	 9.477499999999999
result[176] 	 9.173500000000001
result[175] 	 10.9975
result[174] 	 10.1475
result[173] 	 9.843500000000001
result[172] 	 8.779500000000001
result[171] 	 13.9475
result[170] 	 9.477499999999999
result[169] 	 10.3895
result[168] 	 8.8695
result[167] 	 8.1715
result[166] 	 9.083500000000001
result[165] 	 8.779500000000001
result[164] 	 8.4755
result[163] 	 9.3255
result[162] 	 9.9335
result[161] 	 8.109500000000001
result[160] 	 7.8055
result[159] 	 9.843500000000001
result[158] 	 10.7555
result[157] 	 8.4755
result[156] 	 8.1715
result[155] 	 8.413500000000001
result[154] 	 10.0855
result[153] 	 11.9715
result[152] 	 9.843500000000001
result[151] 	 9.5395
result[150] 	 8.4755
result[149] 	 8.9315
result[148] 	 8.413500000000001
result[147] 	 9.6295
result[146] 	 9.387499999999999
result[145] 	 9.6295
result[144] 	 7.2595
result[143] 	 8.4755
result[142] 	 9.3255
result[141] 	 7.5015
result[140] 	 8.109500000000001
result[139] 	 7.8055
result[138] 	 9.6915
result[137] 	 7.8675
result[136] 	 8.4755
result[135] 	 8.1715
result[134] 	 7.5015
result[133] 	 8.717499999999999
result[132] 	 7.8055
result[131] 	 8.1715
result[130] 	 9.387499999999999
result[129] 	 7.5635
result[128] 	 8.1715
result[127] 	 9.0215
result[126] 	 8.717499999999999
result[125] 	 8.4755
result[124] 	 7.8675
result[123] 	 7.8675
result[122] 	 9.083500000000001
result[121] 	 8.1715
result[120] 	 7.5015
result[119] 	 7.1975
result[118] 	 8.413500000000001
result[117] 	 7.8675
result[116] 	 7.8675
result[115] 	 7.5635
result[114] 	 8.779500000000001
result[113] 	 7.8675
result[112] 	 7.1975
result[111] 	 8.413500000000001
result[110] 	 8.109500000000001
result[109] 	 8.1715
result[108] 	 7.5635
result[107] 	 8.779500000000001
result[106] 	 7.5635
result[105] 	 9.9955
result[104] 	 6.5895
result[103] 	 8.109500000000001
result[102] 	 8.1715
result[101] 	 7.5635
result[100] 	 7.2595
result[99] 	 8.4755
result[98] 	 7.8055
result[97] 	 8.2925
result[96] 	 6.5895
result[95] 	 7.8055
result[94] 	 7.5635
result[93] 	 7.2595
result[92] 	 8.4755
result[91] 	 9.2355
result[90] 	 8.413500000000001
result[89] 	 8.2615
result[88] 	 8.5655
result[87] 	 8.8695
result[86] 	 8.779500000000001
result[85] 	 8.9315
result[84] 	 9.2355
result[83] 	 9.0215
result[82] 	 8.2615
result[81] 	 8.5655
result[80] 	 8.8695
result[79] 	 8.779500000000001
result[78] 	 8.9315
result[77] 	 9.2355
result[76] 	 9.0215
result[75] 	 8.2615
result[74] 	 8.717499999999999
result[73] 	 7.7155
result[72] 	 5.8295
result[71] 	 5.5875
result[70] 	 4.9795
result[69] 	 4.0055
result[68] 	 3.7015
result[67] 	 4.3095
result[66] 	 4.3715
result[65] 	 4.3715
result[64] 	 4.0675
result[63] 	 4.6755
result[62] 	 4.0055
result[61] 	 3.7015
result[60] 	 4.9175
result[59] 	 4.3715
result[58] 	 4.3715
result[57] 	 4.0675
result[56] 	 4.0675
result[55] 	 5.8295
result[54] 	 3.7015
result[53] 	 5.2215
result[52] 	 4.3715
result[51] 	 7.4425
result[50] 	 6.0435
result[49] 	 5.5875
result[48] 	 5.9815
result[47] 	 5.6775
result[46] 	 6.4375
result[45] 	 3.3975
result[44] 	 6.1955
result[43] 	 6.0435
result[42] 	 4.0675
result[41] 	 3.7635
result[40] 	 5.6775
result[39] 	 11.6985
result[38] 	 3.3975
result[37] 	 4.7655
result[36] 	 6.0435
result[35] 	 4.0675
result[34] 	 3.7635
result[33] 	 5.4355
result[32] 	 3.7015
result[31] 	 3.3975
result[30] 	 4.7655
result[29] 	 4.3715
result[28] 	 4.0675
result[27] 	 5.4355
result[26] 	 5.4355
result[25] 	 3.7015
result[24] 	 5.3735
result[23] 	 2.7895
result[22] 	 4.8275
result[21] 	 5.7395
result[20] 	 5.4355
result[19] 	 5.1315
result[18] 	 4.0055
result[17] 	 3.3975
result[16] 	 3.0935
result[15] 	 4.8275
result[14] 	 4.6755
result[13] 	 5.7395
result[12] 	 3.4595
result[11] 	 4.0055
result[10] 	 5.9815
result[9] 	 3.0935
result[8] 	 5.1315
result[7] 	 4.3715
result[6] 	 5.7395
result[5] 	 5.4355
result[4] 	 4.0055
result[3] 	 4.0055
result[2] 	 5.0695
result[1] 	 2.8515
result[0] 	 5.2835
